<?xml version="1.0" encoding="UTF-8"?>
<!-- Generated by org.testng.reporters.JUnitReportReporter -->
<testsuite skipped="0" hostname="DESKTOP-UG71NEM" name="TestCases.LoginTest" tests="1" failures="0" timestamp="2023-08-10T09:10:48 IST" time="26.967" errors="0">
  <testcase name="loginTest" time="26.967" classname="TestCases.LoginTest"/>
  <system-out/>
</testsuite> <!-- TestCases.LoginTest -->
