<?xml version="1.0" encoding="UTF-8"?>
<!-- Generated by org.testng.reporters.JUnitReportReporter -->
<testsuite skipped="0" hostname="DESKTOP-UG71NEM" name="TestCases.AddNewCustomerTest" tests="1" failures="0" timestamp="2023-08-10T10:22:30 IST" time="46.670" errors="0">
  <testcase name="addNewCustomer" time="46.670" classname="TestCases.AddNewCustomerTest"/>
  <system-out/>
</testsuite> <!-- TestCases.AddNewCustomerTest -->
