<?xml version="1.0" encoding="UTF-8"?>
<!-- Generated by org.testng.reporters.JUnitReportReporter -->
<testsuite hostname="DESKTOP-UG71NEM" failures="0" tests="1" name="TestCases.LoginTest" time="38.178" errors="0" timestamp="2023-08-10T15:43:44 IST" skipped="0">
  <testcase classname="TestCases.LoginTest" name="loginTest" time="38.178"/>
  <system-out/>
</testsuite> <!-- TestCases.LoginTest -->
